{"name": "Авторизация курьера без обязательных полей в запросе - получено сообщение об ошибке", "status": "failed", "statusDetails": {"message": "AssertionError: assert (504 == 400)\n +  where 504 = <Response [504]>.status_code", "trace": "self = <tests.test_courier.TestLoginCourier object at 0x105b2bfd0>, payload = {'login': 'kqnfhfoumj'}\n\n    @allure.title('Авторизация курьера без обязательных полей в запросе - получено сообщение об ошибке')\n    @pytest.mark.parametrize('payload', CourierData.body_without_required_field)\n    def test_authorization_body_without_required_field_authorization_error(self, payload):\n        response = requests.post(f'{URL}/api/v1/courier/login', data=payload)\n>       assert (response.status_code == 400\n                and response.json() == CourierData.authorization_with_body_without_required_field)\nE       assert (504 == 400)\nE        +  where 504 = <Response [504]>.status_code\n\ntests/test_courier.py:45: AssertionError"}, "parameters": [{"name": "payload", "value": "{'login': 'kqnfhfoumj'}"}], "start": 1719935470750, "stop": 1719935530920, "uuid": "803f053e-abe0-4193-a60d-cdc827ddc103", "historyId": "3cbbbeb9f0caa6ed65657804ae8f576e", "testCaseId": "17872283dc91cd42a02e3dc0150e6c3b", "fullName": "tests.test_courier.TestLoginCourier#test_authorization_body_without_required_field_authorization_error", "labels": [{"name": "parentSuite", "value": "tests"}, {"name": "suite", "value": "test_courier"}, {"name": "subSuite", "value": "TestLoginCourier"}, {"name": "host", "value": "MacBook-Air-Vladislav.local"}, {"name": "thread", "value": "87558-MainThread"}, {"name": "framework", "value": "pytest"}, {"name": "language", "value": "cpython3"}, {"name": "package", "value": "tests.test_courier"}]}